[2025-08-20 15:51:59] === 실행 시작 (update.py v1.1) ===
[2025-08-20 15:51:59] 기존 CSV 없음. 전체 구간 최초 다운로드.
[2025-08-20 15:52:00] 저장 완료: C:\Users\woori\Desktop\top10\data\market_timeseries.csv
[2025-08-20 15:52:00] === 실행 종료 ===
[2025-08-22 10:07:17] === 실행 시작 (update.py v1.1) ===
[2025-08-22 10:07:18] 기존 CSV 발견. 마지막 날짜: 2025-08-20 → 새로 받을 시작일: 2025-08-21
[2025-08-22 10:07:18] 저장 완료: C:\Users\woori\Desktop\top10\data\market_timeseries.csv
[2025-08-22 10:07:18] === 실행 종료 ===
[2025-08-23 09:31:27] === 실행 시작 (update.py v1.1) ===
[2025-08-23 09:31:27] 기존 CSV 발견. 마지막 날짜: 2025-08-22 → 새로 받을 시작일: 2025-08-23
[2025-08-23 09:31:29] 저장 완료: C:\Users\woori\Desktop\top10\data\market_timeseries.csv
[2025-08-23 09:31:29] === 실행 종료 ===
[2025-08-23 09:31:41] === 실행 시작 (update.py v1.1) ===
[2025-08-23 09:31:41] 기존 CSV 발견. 마지막 날짜: 2025-08-22 → 새로 받을 시작일: 2025-08-23
[2025-08-23 09:31:43] 저장 완료: C:\Users\woori\Desktop\top10\data\market_timeseries.csv
[2025-08-23 09:31:43] === 실행 종료 ===
[2025-08-23 09:33:00] === 실행 시작 (update.py v1.1) ===
[2025-08-23 09:33:00] 기존 CSV 발견. 마지막 날짜: 2025-08-22 → 새로 받을 시작일: 2025-08-23
[2025-08-23 09:33:01] 저장 완료: C:\Users\woori\Desktop\top10\data\market_timeseries.csv
[2025-08-23 09:33:01] === 실행 종료 ===
[2025-08-23 09:36:26] === 실행 시작 (update.py v1.1) ===
[2025-08-23 09:36:26] 기존 CSV 발견. 마지막 날짜: 2025-08-22 → 새로 받을 시작일: 2025-08-23
[2025-08-23 09:36:27] 저장 완료: C:\Users\woori\Desktop\top10\data\market_timeseries.csv
[2025-08-23 09:36:27] === 실행 종료 ===
[2025-08-24 11:57:46] === 실행 시작 (update.py v1.1) ===
[2025-08-24 11:57:46] 기존 CSV 발견. 마지막 날짜: 2025-08-22 → 새로 받을 시작일: 2025-08-23
[2025-08-24 11:59:22] === 실행 시작 (update.py v1.1) ===
[2025-08-24 11:59:22] 기존 CSV 발견. 마지막 날짜: 2025-08-22 → 새로 받을 시작일: 2025-08-23
[2025-08-24 11:59:24] === 실행 시작 (update.py v1.1) ===
[2025-08-24 11:59:25] 기존 CSV 발견. 마지막 날짜: 2025-08-22 → 새로 받을 시작일: 2025-08-23
[2025-08-24 11:59:25] 저장 완료: C:\Users\woori\Desktop\top10\data\market_timeseries.csv
[2025-08-24 11:59:25] === 실행 종료 ===
[2025-08-24 11:59:26] 저장 완료: C:\Users\woori\Desktop\top10\data\market_timeseries.csv
[2025-08-24 11:59:26] === 실행 종료 ===
[2025-08-25 08:49:41] === 실행 시작 (update.py v1.1) ===
[2025-08-25 08:49:41] 기존 CSV 발견. 마지막 날짜: 2025-08-23 → 새로 받을 시작일: 2025-08-24
[2025-08-25 08:49:42] 저장 완료: C:\Users\woori\Desktop\top10\data\market_timeseries.csv
[2025-08-25 08:49:42] === 실행 종료 ===
[2025-08-26 08:37:47] === 실행 시작 (update.py v1.1) ===
[2025-08-26 08:37:47] 기존 CSV 발견. 마지막 날짜: 2025-08-24 → 새로 받을 시작일: 2025-08-25
[2025-08-26 08:37:48] 저장 완료: C:\Users\woori\Desktop\top10\data\market_timeseries.csv
[2025-08-26 08:37:48] === 실행 종료 ===
[2025-08-27 08:50:02] === 실행 시작 (update.py v1.1) ===
[2025-08-27 08:50:02] 기존 CSV 발견. 마지막 날짜: 2025-08-25 → 새로 받을 시작일: 2025-08-26
[2025-08-27 08:50:03] 저장 완료: C:\Users\woori\Desktop\top10\data\market_timeseries.csv
[2025-08-27 08:50:03] === 실행 종료 ===
[2025-08-28 07:33:47] === 실행 시작 (update.py v1.1) ===
[2025-08-28 07:33:47] 기존 CSV 발견. 마지막 날짜: 2025-08-26 → 새로 받을 시작일: 2025-08-27
[2025-08-28 07:33:48] 저장 완료: C:\Users\woori\Desktop\top10\data\market_timeseries.csv
[2025-08-28 07:33:48] === 실행 종료 ===
[2025-09-05 19:06:38] === 실행 시작 (update.py v1.1) ===
[2025-09-05 19:06:38] 기존 CSV 발견. 마지막 날짜: 2025-08-27 → 새로 받을 시작일: 2025-08-28
[2025-09-05 19:06:39] 저장 완료: C:\Users\woori\Desktop\top10\data\market_timeseries.csv
[2025-09-05 19:06:39] === 실행 종료 ===
[2025-09-05 19:06:46] === 실행 시작 (update.py v1.1) ===
[2025-09-05 19:06:46] 기존 CSV 발견. 마지막 날짜: 2025-09-05 → 새로 받을 시작일: 2025-09-06
[2025-09-05 19:06:46] 신규 받을 구간이 없습니다. (이미 최신)
[2025-09-05 19:06:46] === 실행 종료 ===
[2025-09-06 09:29:04] === 실행 시작 (update.py v1.1) ===
[2025-09-06 09:29:04] 기존 CSV 발견. 마지막 날짜: 2025-09-05 → 새로 받을 시작일: 2025-09-06
[2025-09-06 09:29:05] 저장 완료: C:\Users\woori\Desktop\top10\data\market_timeseries.csv
[2025-09-06 09:29:05] === 실행 종료 ===
[2025-09-06 09:29:09] === 실행 시작 (update.py v1.1) ===
[2025-09-06 09:29:09] 기존 CSV 발견. 마지막 날짜: 2025-09-05 → 새로 받을 시작일: 2025-09-06
[2025-09-06 09:29:10] 저장 완료: C:\Users\woori\Desktop\top10\data\market_timeseries.csv
[2025-09-06 09:29:10] === 실행 종료 ===
[2025-09-09 08:05:16] === 실행 시작 (update.py v1.1) ===
[2025-09-09 08:05:16] 기존 CSV 발견. 마지막 날짜: 2025-09-05 → 새로 받을 시작일: 2025-09-06
[2025-09-09 08:05:17] 저장 완료: C:\Users\woori\Desktop\top10\data\market_timeseries.csv
[2025-09-09 08:05:17] === 실행 종료 ===
[2025-09-10 12:47:32] === 실행 시작 (update.py v1.1) ===
[2025-09-10 12:47:32] 기존 CSV 발견. 마지막 날짜: 2025-09-08 → 새로 받을 시작일: 2025-09-09
[2025-09-10 12:47:33] 저장 완료: C:\Users\woori\Desktop\top10\data\market_timeseries.csv
[2025-09-10 12:47:33] === 실행 종료 ===
[2025-09-12 18:40:05] === 실행 시작 (update.py v1.1) ===
[2025-09-12 18:40:05] 기존 CSV 발견. 마지막 날짜: 2025-09-10 → 새로 받을 시작일: 2025-09-11
[2025-09-12 18:40:06] 저장 완료: C:\Users\woori\Desktop\top10\data\market_timeseries.csv
[2025-09-12 18:40:06] === 실행 종료 ===
[2025-09-12 18:58:23] === 실행 시작 (update.py v1.1) ===
[2025-09-12 18:58:23] 기존 CSV 발견. 마지막 날짜: 2025-09-12 → 새로 받을 시작일: 2025-09-13
[2025-09-12 18:58:23] 신규 받을 구간이 없습니다. (이미 최신)
[2025-09-12 18:58:23] === 실행 종료 ===
